<?xml version="1.0" encoding="UTF-8"?>
<testsuite xmlns:xsi="http://www.w3.org/2001/XMLSchema-instance" xsi:noNamespaceSchemaLocation="https://maven.apache.org/surefire/maven-surefire-plugin/xsd/surefire-test-report-3.0.xsd" version="3.0" name="com.deepak.realtimeinventorybackend.RealTimeInventoryBackendApplicationTests" time="7.995" tests="1" errors="0" skipped="0" failures="0">
  <properties>
[...]
</properties>
  <testcase name="contextLoads" classname="com.deepak.realtimeinventorybackend.RealTimeInventoryBackendApplicationTests" time="0.668">
    <system-out><![CDATA[21:21:38.894 [main] INFO org.springframework.test.context.support.AnnotationConfigContextLoaderUtils -- Could not detect default configuration classes for test class [com.deepak.realtimeinventorybackend.RealTimeInventoryBackendApplicationTests]: RealTimeInventoryBackendApplicationTests does not declare any static, non-private, non-final, nested classes annotated with @Configuration.
21:21:39.000 [main] INFO org.springframework.boot.test.context.SpringBootTestContextBootstrapper -- Found @SpringBootConfiguration com.deepak.realtimeinventorybackend.RealTimeInventoryBackendApplication for test class com.deepak.realtimeinventorybackend.RealTimeInventoryBackendApplicationTests

  .   ____          _            __ _ _
 /\\ / ___'_ __ _ _(_)_ __  __ _ \ \ \ \
( ( )\___ | '_ | '_| | '_ \/ _` | \ \ \ \
 \\/  ___)| |_)| | | | | || (_| |  ) ) ) )
  '  |____| .__|_| |_|_| |_\__, | / / / /
 =========|_|==============|___/=/_/_/_/
 :: Spring Boot ::                (v3.1.0)

2023-08-06T21:21:39.508+05:45  INFO 13796 --- [           main] RealTimeInventoryBackendApplicationTests : Starting RealTimeInventoryBackendApplicationTests using Java 17.0.6 with PID 13796 (started by Deepak Shrestha in C:\Academic Portion\BCA\Sixth Semster\Project\Code Implementation\backend\real-time-inventory-backend)
2023-08-06T21:21:39.511+05:45  INFO 13796 --- [           main] RealTimeInventoryBackendApplicationTests : No active profile set, falling back to 1 default profile: "default"
2023-08-06T21:21:40.355+05:45  INFO 13796 --- [           main] .s.d.r.c.RepositoryConfigurationDelegate : Multiple Spring Data modules found, entering strict repository configuration mode
2023-08-06T21:21:40.357+05:45  INFO 13796 --- [           main] .s.d.r.c.RepositoryConfigurationDelegate : Bootstrapping Spring Data JDBC repositories in DEFAULT mode.
2023-08-06T21:21:40.397+05:45  INFO 13796 --- [           main] .RepositoryConfigurationExtensionSupport : Spring Data JDBC - Could not safely identify store assignment for repository candidate interface com.deepak.realtimeinventorybackend.contact.ContactRepository; If you want this repository to be a JDBC repository, consider annotating your entities with one of these annotations: org.springframework.data.relational.core.mapping.Table.
2023-08-06T21:21:40.399+05:45  INFO 13796 --- [           main] .RepositoryConfigurationExtensionSupport : Spring Data JDBC - Could not safely identify store assignment for repository candidate interface com.deepak.realtimeinventorybackend.inventory.StockRepository; If you want this repository to be a JDBC repository, consider annotating your entities with one of these annotations: org.springframework.data.relational.core.mapping.Table.
2023-08-06T21:21:40.402+05:45  INFO 13796 --- [           main] .RepositoryConfigurationExtensionSupport : Spring Data JDBC - Could not safely identify store assignment for repository candidate interface com.deepak.realtimeinventorybackend.menu.MenuRepository; If you want this repository to be a JDBC repository, consider annotating your entities with one of these annotations: org.springframework.data.relational.core.mapping.Table.
2023-08-06T21:21:40.403+05:45  INFO 13796 --- [           main] .RepositoryConfigurationExtensionSupport : Spring Data JDBC - Could not safely identify store assignment for repository candidate interface com.deepak.realtimeinventorybackend.order.OrderRepository; If you want this repository to be a JDBC repository, consider annotating your entities with one of these annotations: org.springframework.data.relational.core.mapping.Table.
2023-08-06T21:21:40.405+05:45  INFO 13796 --- [           main] .RepositoryConfigurationExtensionSupport : Spring Data JDBC - Could not safely identify store assignment for repository candidate interface com.deepak.realtimeinventorybackend.user.UserRepository; If you want this repository to be a JDBC repository, consider annotating your entities with one of these annotations: org.springframework.data.relational.core.mapping.Table.
2023-08-06T21:21:40.407+05:45  INFO 13796 --- [           main] .s.d.r.c.RepositoryConfigurationDelegate : Finished Spring Data repository scanning in 45 ms. Found 0 JDBC repository interfaces.
2023-08-06T21:21:40.421+05:45  INFO 13796 --- [           main] .s.d.r.c.RepositoryConfigurationDelegate : Multiple Spring Data modules found, entering strict repository configuration mode
2023-08-06T21:21:40.422+05:45  INFO 13796 --- [           main] .s.d.r.c.RepositoryConfigurationDelegate : Bootstrapping Spring Data JPA repositories in DEFAULT mode.
2023-08-06T21:21:40.475+05:45  INFO 13796 --- [           main] .s.d.r.c.RepositoryConfigurationDelegate : Finished Spring Data repository scanning in 48 ms. Found 5 JPA repository interfaces.
2023-08-06T21:21:41.256+05:45  INFO 13796 --- [           main] o.hibernate.jpa.internal.util.LogHelper  : HHH000204: Processing PersistenceUnitInfo [name: default]
2023-08-06T21:21:41.357+05:45  INFO 13796 --- [           main] org.hibernate.Version                    : HHH000412: Hibernate ORM core version 6.2.2.Final
2023-08-06T21:21:41.360+05:45  INFO 13796 --- [           main] org.hibernate.cfg.Environment            : HHH000406: Using bytecode reflection optimizer
2023-08-06T21:21:41.603+05:45  INFO 13796 --- [           main] o.h.b.i.BytecodeProviderInitiator        : HHH000021: Bytecode provider name : bytebuddy
2023-08-06T21:21:41.807+05:45  INFO 13796 --- [           main] o.s.o.j.p.SpringPersistenceUnitInfo      : No LoadTimeWeaver setup: ignoring JPA class transformer
2023-08-06T21:21:41.830+05:45  INFO 13796 --- [           main] com.zaxxer.hikari.HikariDataSource       : HikariPool-1 - Starting...
2023-08-06T21:21:42.223+05:45  INFO 13796 --- [           main] com.zaxxer.hikari.pool.HikariPool        : HikariPool-1 - Added connection ConnectionID:1 ClientConnectionId: 78b9ba02-0264-455f-874d-96dc9e9d743c
2023-08-06T21:21:42.225+05:45  INFO 13796 --- [           main] com.zaxxer.hikari.HikariDataSource       : HikariPool-1 - Start completed.
2023-08-06T21:21:42.281+05:45  INFO 13796 --- [           main] org.hibernate.orm.dialect                : HHH035001: Using dialect: org.hibernate.dialect.SQLServerDialect, version: 16.0
2023-08-06T21:21:42.633+05:45  INFO 13796 --- [           main] o.h.b.i.BytecodeProviderInitiator        : HHH000021: Bytecode provider name : bytebuddy
2023-08-06T21:21:43.716+05:45  INFO 13796 --- [           main] o.h.e.t.j.p.i.JtaPlatformInitiator       : HHH000490: Using JtaPlatform implementation: [org.hibernate.engine.transaction.jta.platform.internal.NoJtaPlatform]
Hibernate: alter table [menu] alter column [created_date] datetimeoffset(6)
Hibernate: alter table [menu] alter column [modified_date] datetimeoffset(6)
Hibernate: alter table [inventory_stock] alter column [create_at] datetimeoffset(6)
Hibernate: alter table [inventory_stock] alter column [expiry_date] datetimeoffset(6)
Hibernate: alter table [inventory_stock] alter column [manufacturing_date] datetimeoffset(6)
Hibernate: alter table [inventory_stock] alter column [modified_at] datetimeoffset(6)
Hibernate: alter table [order] alter column [order_time] datetimeoffset(6)
2023-08-06T21:21:44.825+05:45  INFO 13796 --- [           main] j.LocalContainerEntityManagerFactoryBean : Initialized JPA EntityManagerFactory for persistence unit 'default'
2023-08-06T21:21:45.428+05:45  WARN 13796 --- [           main] JpaBaseConfiguration$JpaWebConfiguration : spring.jpa.open-in-view is enabled by default. Therefore, database queries may be performed during view rendering. Explicitly configure spring.jpa.open-in-view to disable this warning
2023-08-06T21:21:45.913+05:45  WARN 13796 --- [           main] o.s.data.convert.CustomConversions       : Registering converter from class microsoft.sql.DateTimeOffset to class java.time.OffsetDateTime as reading converter although it doesn't convert from a store-supported type; You might want to check your annotation setup at the converter implementation
2023-08-06T21:21:46.014+05:45  INFO 13796 --- [           main] RealTimeInventoryBackendApplicationTests : Started RealTimeInventoryBackendApplicationTests in 6.833 seconds (process running for 7.936)
]]></system-out>
  </testcase>
</testsuite>